<?xml version="1.0" encoding="UTF-8"?>
<!-- Generated by org.testng.reporters.JUnitReportReporter -->
<testsuite hostname="IN-IT5436" failures="0" tests="1" name="tests.LocatorTest" time="15.477" errors="0" timestamp="2022-02-06T15:24:34 IST" skipped="0">
  <testcase classname="tests.LocatorTest" name="searchWithZip" time="15.477"/>
  <system-out/>
</testsuite> <!-- tests.LocatorTest -->
