<?xml version="1.0" encoding="UTF-8"?>
<!-- Generated by org.testng.reporters.JUnitReportReporter -->
<testsuite hostname="IN-IT5436" failures="0" tests="1" name="tests.LocatorTest" time="18.279" errors="0" timestamp="2022-02-06T12:31:47 IST" skipped="0">
  <testcase classname="tests.LocatorTest" name="searchWithZip" time="18.279"/>
  <system-out/>
</testsuite> <!-- tests.LocatorTest -->
